\BOOKMARK [1][-]{section.1}{\376\377\000D\000a\000t\000o\000s\000:\000\040\000g\000e\000n\000e\000r\000a\000c\000i\000\363\000n\000\040\000y\000\040\000p\000r\000e\000p\000r\000o\000c\000e\000s\000a\000d\000o}{}% 1
\BOOKMARK [2][-]{subsection.1.1}{\376\377\000G\000e\000n\000e\000r\000a\000c\000i\000\363\000n\000\040\000d\000e\000l\000\040\000c\000o\000n\000j\000u\000n\000t\000o\000\040\000m\000a\000k\000e\000\137\000m\000o\000o\000n\000s}{section.1}% 2
\BOOKMARK [2][-]{subsection.1.2}{\376\377\000N\000o\000r\000m\000a\000l\000i\000z\000a\000c\000i\000\363\000n\000\040\000\050\000S\000t\000a\000n\000d\000a\000r\000d\000S\000c\000a\000l\000e\000r\000\051}{section.1}% 3
\BOOKMARK [1][-]{section.2}{\376\377\000A\000r\000q\000u\000i\000t\000e\000c\000t\000u\000r\000a\000\040\000d\000e\000l\000\040\000m\000o\000d\000e\000l\000o}{}% 4
\BOOKMARK [2][-]{subsection.2.1}{\376\377\000C\000a\000m\000p\000o\000\040\000v\000e\000c\000t\000o\000r\000i\000a\000l\000\040\000p\000r\000o\000t\000o\000t\000\355\000p\000i\000c\000o}{section.2}% 5
\BOOKMARK [2][-]{subsection.2.2}{\376\377\000C\000a\000m\000p\000o\000\040\000e\000f\000e\000c\000t\000i\000v\000o\000\040\000d\000e\000\040\000c\000a\000m\000p\000o\000\040\000m\000e\000d\000i\000o}{section.2}% 6
\BOOKMARK [2][-]{subsection.2.3}{\376\377\000O\000D\000E\000\040\000d\000e\000\040\000t\000r\000a\000n\000s\000p\000o\000r\000t\000e\000\040\000y\000\040\000f\000l\000u\000j\000o}{section.2}% 7
\BOOKMARK [2][-]{subsection.2.4}{\376\377\000I\000n\000t\000e\000g\000r\000a\000c\000i\000\363\000n\000\040\000n\000u\000m\000\351\000r\000i\000c\000a\000:\000\040\000R\000u\000n\000g\000e\000-\000K\000u\000t\000t\000a\000\040\000d\000e\000\040\000o\000r\000d\000e\000n\000\040\0004}{section.2}% 8
\BOOKMARK [2][-]{subsection.2.5}{\376\377\000C\000l\000a\000s\000i\000f\000i\000c\000a\000d\000o\000r\000\040\000l\000i\000n\000e\000a\000l}{section.2}% 9
\BOOKMARK [1][-]{section.3}{\376\377\000F\000u\000n\000c\000i\000\363\000n\000\040\000d\000e\000\040\000p\000\351\000r\000d\000i\000d\000a}{}% 10
\BOOKMARK [2][-]{subsection.3.1}{\376\377\000C\000o\000s\000t\000e\000\040\000t\000o\000t\000a\000l}{section.3}% 11
\BOOKMARK [2][-]{subsection.3.2}{\376\377\000E\000n\000t\000r\000o\000p\000\355\000a\000\040\000c\000r\000u\000z\000a\000d\000a\000\040\000b\000i\000n\000a\000r\000i\000a\000\040\000\050\000B\000C\000E\000\051}{section.3}% 12
\BOOKMARK [2][-]{subsection.3.3}{\376\377\000P\000e\000n\000a\000l\000i\000z\000a\000c\000i\000\363\000n\000\040\000e\000n\000t\000r\000\363\000p\000i\000c\000a}{section.3}% 13
\BOOKMARK [1][-]{section.4}{\376\377\000E\000n\000t\000r\000e\000n\000a\000m\000i\000e\000n\000t\000o}{}% 14
\BOOKMARK [2][-]{subsection.4.1}{\376\377\000O\000p\000t\000i\000m\000i\000z\000a\000d\000o\000r\000\040\000A\000d\000a\000m}{section.4}% 15
\BOOKMARK [2][-]{subsection.4.2}{\376\377\000S\000G\000D\000\040\000c\000o\000n\000\040\000t\000a\000s\000a\000\040\000d\000e\000\040\000a\000p\000r\000e\000n\000d\000i\000z\000a\000j\000e\000\040\000c\000o\000n\000s\000t\000a\000n\000t\000e}{section.4}% 16
\BOOKMARK [2][-]{subsection.4.3}{\376\377\000S\000G\000L\000D\000\040\000p\000r\000e\000c\000o\000n\000d\000i\000c\000i\000o\000n\000a\000d\000o\000\040\000\050\000p\000S\000G\000L\000D\000\051}{section.4}% 17
\BOOKMARK [2][-]{subsection.4.4}{\376\377\000C\000o\000s\000i\000n\000e\000\040\000A\000n\000n\000e\000a\000l\000i\000n\000g}{section.4}% 18
\BOOKMARK [2][-]{subsection.4.5}{\376\377\000G\000r\000a\000d\000i\000e\000n\000t\000\040\000C\000l\000i\000p\000p\000i\000n\000g}{section.4}% 19
\BOOKMARK [2][-]{subsection.4.6}{\376\377\000R\000e\000t\000r\000o\000p\000r\000o\000p\000a\000g\000a\000c\000i\000\363\000n}{section.4}% 20
\BOOKMARK [2][-]{subsection.4.7}{\376\377\000H\000i\000p\000e\000r\000p\000a\000r\000\341\000m\000e\000t\000r\000o\000s\000\040\000d\000e\000\040\000e\000n\000t\000r\000e\000n\000a\000m\000i\000e\000n\000t\000o}{section.4}% 21
\BOOKMARK [1][-]{section.5}{\376\377\000F\000u\000n\000d\000a\000m\000e\000n\000t\000o\000s\000\040\000t\000e\000\363\000r\000i\000c\000o\000s}{}% 22
\BOOKMARK [2][-]{subsection.5.1}{\376\377\000C\000o\000n\000d\000i\000c\000i\000\363\000n\000\040\000P\000o\000l\000y\000a\000k\000-\001\101\000o\000j\000a\000s\000i\000e\000w\000i\000c\000z\000\040\000\050\000P\000L\000\051}{section.5}% 23
\BOOKMARK [2][-]{subsection.5.2}{\376\377\000G\000e\000n\000e\000r\000i\000c\000i\000d\000a\000d\000\040\000d\000e\000l\000\040\000m\000i\000n\000i\000m\000i\000z\000a\000d\000o\000r}{section.5}% 24
\BOOKMARK [1][-]{section.6}{\376\377\000D\000e\000s\000c\000r\000i\000p\000c\000i\000\363\000n\000\040\000m\000a\000t\000e\000m\000\341\000t\000i\000c\000a\000\040\000d\000e\000\040\000l\000o\000s\000\040\000e\000x\000p\000e\000r\000i\000m\000e\000n\000t\000o\000s}{}% 25
\BOOKMARK [2][-]{subsection.6.1}{\376\377\000E\000x\000p\000e\000r\000i\000m\000e\000n\000t\000o\000\040\000A\000:\000\040\000E\000v\000o\000l\000u\000c\000i\000\363\000n\000\040\000d\000e\000\040\000t}{section.6}% 26
\BOOKMARK [2][-]{subsection.6.2}{\376\377\000E\000x\000p\000e\000r\000i\000m\000e\000n\000t\000o\000\040\000B\000:\000\040\000E\000f\000e\000c\000t\000o\000\040\000d\000e\000l\000\040\000p\000a\000r\000\341\000m\000e\000t\000r\000o\000\040}{section.6}% 27
\BOOKMARK [2][-]{subsection.6.3}{\376\377\000E\000x\000p\000e\000r\000i\000m\000e\000n\000t\000o\000\040\000C\000:\000\040\000V\000e\000r\000i\000f\000i\000c\000a\000c\000i\000\363\000n\000\040\000d\000e\000\040\000l\000a\000\040\000c\000o\000n\000d\000i\000c\000i\000\363\000n\000\040\000P\000L}{section.6}% 28
\BOOKMARK [2][-]{subsection.6.4}{\376\377\000E\000x\000p\000e\000r\000i\000m\000e\000n\000t\000o\000\040\000D\000:\000\040\000G\000e\000n\000e\000r\000i\000c\000i\000d\000a\000d\000\040\000d\000e\000l\000\040\000m\000i\000n\000i\000m\000i\000z\000a\000d\000o\000r}{section.6}% 29
\BOOKMARK [2][-]{subsection.6.5}{\376\377\000E\000x\000p\000e\000r\000i\000m\000e\000n\000t\000o\000\040\000E\000:\000\040\000R\000o\000b\000u\000s\000t\000e\000z\000\040\000d\000e\000\040\000*\000\040\000\050\000m\000a\000k\000e\000\137\000m\000o\000o\000n\000s\000\051}{section.6}% 30
\BOOKMARK [2][-]{subsection.6.6}{\376\377\000E\000x\000p\000e\000r\000i\000m\000e\000n\000t\000o\000\040\000F\000:\000\040\000S\000i\000m\000e\000t\000r\000\355\000a\000\040\000d\000e\000\040\000*\000\040\000e\000n\000\040\000m\000a\000k\000e\000\137\000c\000i\000r\000c\000l\000e\000s}{section.6}% 31
\BOOKMARK [2][-]{subsection.6.7}{\376\377\000E\000x\000p\000e\000r\000i\000m\000e\000n\000t\000o\000\040\000G\000:\000\040\000P\000r\000o\000b\000l\000e\000m\000a\000\040\000d\000e\000\040\000c\000o\000n\000v\000e\000r\000g\000e\000n\000c\000i\000a\000\040\000\050\000N\000\040\000\051}{section.6}% 32
\BOOKMARK [2][-]{subsection.6.8}{\376\377\000E\000x\000p\000e\000r\000i\000m\000e\000n\000t\000o\000\040\000H\000:\000\040\000D\000i\000a\000g\000n\000\363\000s\000t\000i\000c\000o\000\040\000d\000e\000\040\000p\000S\000G\000L\000D}{section.6}% 33
\BOOKMARK [2][-]{subsection.6.9}{\376\377\000E\000x\000p\000e\000r\000i\000m\000e\000n\000t\000o\000\040\000I\000:\000\040\000M\000M\000D\000\040\000y\000\040\000S\000i\000n\000k\000h\000o\000r\000n\000\040\000c\000o\000m\000o\000\040\000r\000e\000g\000u\000l\000a\000r\000i\000z\000a\000d\000o\000r\000e\000s\000\040\000\050\000c\000l\000a\000s\000i\000f\000i\000c\000a\000c\000i\000\363\000n\000\051}{section.6}% 34
\BOOKMARK [2][-]{subsection.6.10}{\376\377\000E\000x\000p\000e\000r\000i\000m\000e\000n\000t\000o\000\040\000J\000:\000\040\000R\000e\000g\000r\000e\000s\000i\000\363\000n\000\040\000e\000n\000\040\000C\000a\000l\000i\000f\000o\000r\000n\000i\000a\000\040\000H\000o\000u\000s\000i\000n\000g}{section.6}% 35
\BOOKMARK [2][-]{subsection.6.11}{\376\377\000E\000x\000p\000e\000r\000i\000m\000e\000n\000t\000o\000\040\000K\000:\000\040\000B\000a\000r\000r\000i\000d\000o\000\040\000d\000e\000\040\000\040\000e\000n\000\040\000r\000e\000g\000r\000e\000s\000i\000\363\000n}{section.6}% 36
\BOOKMARK [1][-]{section.7}{\376\377\000R\000e\000s\000u\000m\000e\000n\000\040\000d\000e\000\040\000l\000a\000\040\000a\000r\000q\000u\000i\000t\000e\000c\000t\000u\000r\000a}{}% 37
